\BOOKMARK [0][-]{chapter.1}{Introduction}{}% 1
\BOOKMARK [1][-]{section.1.1}{Principes de la mod\351lisation pharmacocin\351tique}{chapter.1}% 2
\BOOKMARK [2][-]{subsection.1.1.1}{G\351n\351ralit\351s}{section.1.1}% 3
\BOOKMARK [2][-]{subsection.1.1.2}{Mod\351lisation pharmacocin\351tique par approche non-compartimentale}{section.1.1}% 4
\BOOKMARK [3][-]{subsubsection.1.1.2.1}{Aire sous la courbe}{subsection.1.1.2}% 5
\BOOKMARK [3][-]{subsubsection.1.1.2.2}{Fraction biodisponible}{subsection.1.1.2}% 6
\BOOKMARK [3][-]{subsubsection.1.1.2.3}{Temps de r\351sidence moyen}{subsection.1.1.2}% 7
\BOOKMARK [3][-]{subsubsection.1.1.2.4}{Clairance}{subsection.1.1.2}% 8
\BOOKMARK [3][-]{subsubsection.1.1.2.5}{Volume de distribution}{subsection.1.1.2}% 9
\BOOKMARK [2][-]{subsection.1.1.3}{Mod\351lisation pharmacocin\351tique par approche compartimentale}{section.1.1}% 10
\BOOKMARK [3][-]{subsubsection.1.1.3.1}{Mod\350le mono-compartimental avec \351limination d'ordre 1}{subsection.1.1.3}% 11
\BOOKMARK [3][-]{subsubsection.1.1.3.2}{Mod\350le mono-compartimental avec administration EV}{subsection.1.1.3}% 12
\BOOKMARK [3][-]{subsubsection.1.1.3.3}{Correspondance avec l'analyse non-compartimentale}{subsection.1.1.3}% 13
\BOOKMARK [3][-]{subsubsection.1.1.3.4}{Mod\350le bicompartimental avec constantes de transfert d'ordre 1}{subsection.1.1.3}% 14
\BOOKMARK [3][-]{subsubsection.1.1.3.5}{Mod\350les avec \351limination saturable}{subsection.1.1.3}% 15
\BOOKMARK [4][-]{paragraph.1.1.3.5.1}{Mod\350le m\351canistique TMDD}{subsubsection.1.1.3.5}% 16
\BOOKMARK [4][-]{paragraph.1.1.3.5.2}{\311limination de type Michaelis-Menten}{subsubsection.1.1.3.5}% 17
\BOOKMARK [4][-]{paragraph.1.1.3.5.3}{\311limination d'ordre 0}{subsubsection.1.1.3.5}% 18
\BOOKMARK [2][-]{subsection.1.1.4}{Relation dose-concentration-effet d'un m\351dicament}{section.1.1}% 19
\BOOKMARK [2][-]{subsection.1.1.5}{Principes de l'estimation des param\350tres d'un mod\350le pharmacocin\351tique}{section.1.1}% 20
\BOOKMARK [3][-]{subsubsection.1.1.5.1}{Approche individuelle}{subsection.1.1.5}% 21
\BOOKMARK [3][-]{subsubsection.1.1.5.2}{Approche de population}{subsection.1.1.5}% 22
\BOOKMARK [1][-]{section.1.2}{Les anticorps monoclonaux th\351rapeutiques}{chapter.1}% 23
\BOOKMARK [2][-]{subsection.1.2.1}{G\351n\351ralit\351s}{section.1.2}% 24
\BOOKMARK [2][-]{subsection.1.2.2}{M\351canismes impliqu\351s dans la pharmacocin\351tique des anticorps monoclonaux}{section.1.2}% 25
\BOOKMARK [3][-]{subsubsection.1.2.2.1}{Absorption des anticorps monoclonaux}{subsection.1.2.2}% 26
\BOOKMARK [3][-]{subsubsection.1.2.2.2}{\311limination des anticorps monoclonaux}{subsection.1.2.2}% 27
\BOOKMARK [3][-]{subsubsection.1.2.2.3}{Captation par endocytose}{subsection.1.2.2}% 28
\BOOKMARK [3][-]{subsubsection.1.2.2.4}{R\364le du FcRn dans l'\351limination et de la distribution des anticorps monoclonaux}{subsection.1.2.2}% 29
\BOOKMARK [3][-]{subsubsection.1.2.2.5}{\311limination apr\350s fixation sur la cible}{subsection.1.2.2}% 30
\BOOKMARK [3][-]{subsubsection.1.2.2.6}{\311limination li\351e \340 l'immunisation du sujet trait\351 \(immunog\351nicit\351\)}{subsection.1.2.2}% 31
\BOOKMARK [2][-]{subsection.1.2.3}{Mod\351lisation pharmacocin\351tique des anticorps monoclonaux}{section.1.2}% 32
\BOOKMARK [3][-]{subsubsection.1.2.3.1}{Dose-d\351pendance et \351limination non-lin\351aire}{subsection.1.2.3}% 33
\BOOKMARK [3][-]{subsubsection.1.2.3.2}{Facteurs de variabilit\351 interindividuelle de la pharmacocin\351tique des anticorps monoclonaux.}{subsection.1.2.3}% 34
\BOOKMARK [4][-]{paragraph.1.2.3.2.1}{Facteurs d\351mographiques et biochimiques.}{subsubsection.1.2.3.2}% 35
\BOOKMARK [4][-]{paragraph.1.2.3.2.2}{Immunisation}{subsubsection.1.2.3.2}% 36
\BOOKMARK [2][-]{subsection.1.2.4}{Facteurs de variabilit\351 de la relation dose-concentration-effet des IgG}{section.1.2}% 37
\BOOKMARK [2][-]{subsection.1.2.5}{M\351thodes de mesure des concentrations des anticorps monoclonaux}{section.1.2}% 38
\BOOKMARK [1][-]{section.1.3}{Le cetuximab}{chapter.1}% 39
\BOOKMARK [2][-]{subsection.1.3.1}{Modes d'action du cetuximab}{section.1.3}% 40
\BOOKMARK [2][-]{subsection.1.3.2}{Indications et posologie du cetuximab}{section.1.3}% 41
\BOOKMARK [2][-]{subsection.1.3.3}{M\351thodes de mesure des concentrations de cetuximab}{section.1.3}% 42
\BOOKMARK [2][-]{subsection.1.3.4}{Pharmacocin\351tique des anticorps anti-EGFR}{section.1.3}% 43
\BOOKMARK [2][-]{subsection.1.3.5}{Relations dose-r\351ponse et concentration-r\351ponse du cetuximab}{section.1.3}% 44
\BOOKMARK [0][-]{chapter.2}{Objectifs}{}% 45
\BOOKMARK [0][-]{chapter.3}{M\351thodes}{}% 46
\BOOKMARK [1][-]{section.3.1}{D\351veloppement et validation de la m\351thode ELISA de dosage du cetuximab.}{chapter.3}% 47
\BOOKMARK [2][-]{subsection.3.1.1}{Principes de l'ELISA indirect}{section.3.1}% 48
\BOOKMARK [2][-]{subsection.3.1.2}{D\351veloppement}{section.3.1}% 49
\BOOKMARK [2][-]{subsection.3.1.3}{Validation de la m\351thode}{section.3.1}% 50
\BOOKMARK [3][-]{subsubsection.3.1.3.1}{Contr\364le de dilution}{subsection.3.1.3}% 51
\BOOKMARK [3][-]{subsubsection.3.1.3.2}{Sp\351cificit\351}{subsection.3.1.3}% 52
\BOOKMARK [1][-]{section.3.2}{Mod\351lisation de la pharmacocin\351tique}{chapter.3}% 53
\BOOKMARK [2][-]{subsection.3.2.1}{Choix de l'approche de mod\351lisation}{section.3.2}% 54
\BOOKMARK [2][-]{subsection.3.2.2}{Choix du mod\350le structural et de variabilit\351 interindividuelle}{section.3.2}% 55
\BOOKMARK [2][-]{subsection.3.2.3}{Choix du mod\350le d'erreur r\351siduelle}{section.3.2}% 56
\BOOKMARK [2][-]{subsection.3.2.4}{S\351lection des covariables significatives}{section.3.2}% 57
\BOOKMARK [1][-]{section.3.3}{Analyse de survie sans progression}{chapter.3}% 58
\BOOKMARK [1][-]{section.3.4}{Simulations}{chapter.3}% 59
\BOOKMARK [1][-]{section.3.5}{Outils informatiques}{chapter.3}% 60
\BOOKMARK [0][-]{chapter.4}{R\351sultats}{}% 61
\BOOKMARK [1][-]{section.4.1}{\311tude de la pharmacocin\351tique du cetuximab chez l'Homme.}{chapter.4}% 62
\BOOKMARK [2][-]{subsection.4.1.1}{Introduction}{section.4.1}% 63
\BOOKMARK [2][-]{subsection.4.1.2}{Durant la dialyse r\351nale \(publication I\)}{section.4.1}% 64
\BOOKMARK [2][-]{subsection.4.1.3}{Dans le cancer colorectal m\351tastatique \(publications II et III\)}{section.4.1}% 65
\BOOKMARK [2][-]{subsection.4.1.4}{Conclusion sur la pharmacocin\351tique du cetuximab chez l'Homme.}{section.4.1}% 66
\BOOKMARK [1][-]{section.4.2}{Influence de la pharmacocin\351tique du cetuximab sur son efficacit\351 \(publication III\)}{chapter.4}% 67
\BOOKMARK [2][-]{subsection.4.2.1}{Mod\351lisation pharmacocin\351tique-pharmacodynamique}{section.4.2}% 68
\BOOKMARK [2][-]{subsection.4.2.2}{Influence de l'exposition au cetuximab sur la PFS}{section.4.2}% 69
\BOOKMARK [2][-]{subsection.4.2.3}{Relation entre la toxicit\351 et la PFS}{section.4.2}% 70
\BOOKMARK [2][-]{subsection.4.2.4}{Relation entre les concentrations r\351siduelles et la PFS}{section.4.2}% 71
\BOOKMARK [2][-]{subsection.4.2.5}{Conclusion}{section.4.2}% 72
\BOOKMARK [1][-]{section.4.3}{Simulation des concentrations obtenues avec diff\351rentes posologies de cetuximab \(manuscrit IV\)}{chapter.4}% 73
\BOOKMARK [2][-]{subsection.4.3.1}{Contexte}{section.4.3}% 74
\BOOKMARK [2][-]{subsection.4.3.2}{Simulations}{section.4.3}% 75
\BOOKMARK [2][-]{subsection.4.3.3}{Analyses}{section.4.3}% 76
\BOOKMARK [2][-]{subsection.4.3.4}{Conclusions}{section.4.3}% 77
\BOOKMARK [1][-]{section.4.4}{\311tude de l'absorption pulmonaire du cetuximab dans un mod\350le murin \(publication V\)}{chapter.4}% 78
\BOOKMARK [2][-]{subsection.4.4.1}{Contexte}{section.4.4}% 79
\BOOKMARK [2][-]{subsection.4.4.2}{Mod\350le murin}{section.4.4}% 80
\BOOKMARK [2][-]{subsection.4.4.3}{Mod\351lisation de la pharmacocin\351tique}{section.4.4}% 81
\BOOKMARK [2][-]{subsection.4.4.4}{Conclusions}{section.4.4}% 82
\BOOKMARK [0][-]{chapter.5}{Discussion}{}% 83
\BOOKMARK [0][-]{chapter.5}{Bibliographie}{}% 84
\BOOKMARK [0][-]{section*.44}{Glossaire}{}% 85
\BOOKMARK [0][-]{chapter*.45}{Glossaire}{}% 86
